[0.691s] Invoking command in '/root/ros2_ws/src/mypkg': PYTHONPATH=/root/ros2_ws/src/mypkg/install/mypkg/lib/python3.10/site-packages:${PYTHONPATH} /usr/bin/python3 setup.py egg_info --egg-base build/mypkg build --build-base /root/ros2_ws/src/mypkg/build/mypkg/build install --prefix /root/ros2_ws/src/mypkg/install/mypkg --record /root/ros2_ws/src/mypkg/build/mypkg/install.log --single-version-externally-managed
[0.936s] running egg_info
[0.937s] creating build/mypkg/mypkg.egg-info
[0.937s] writing build/mypkg/mypkg.egg-info/PKG-INFO
[0.938s] writing dependency_links to build/mypkg/mypkg.egg-info/dependency_links.txt
[0.938s] writing entry points to build/mypkg/mypkg.egg-info/entry_points.txt
[0.938s] writing requirements to build/mypkg/mypkg.egg-info/requires.txt
[0.939s] writing top-level names to build/mypkg/mypkg.egg-info/top_level.txt
[0.939s] writing manifest file 'build/mypkg/mypkg.egg-info/SOURCES.txt'
[0.941s] reading manifest file 'build/mypkg/mypkg.egg-info/SOURCES.txt'
[0.942s] writing manifest file 'build/mypkg/mypkg.egg-info/SOURCES.txt'
[0.942s] running build
[0.943s] running build_py
[0.943s] creating /root/ros2_ws/src/mypkg/build/mypkg/build
[0.943s] creating /root/ros2_ws/src/mypkg/build/mypkg/build/lib
[0.943s] creating /root/ros2_ws/src/mypkg/build/mypkg/build/lib/mypkg
[0.943s] copying mypkg/talker.py -> /root/ros2_ws/src/mypkg/build/mypkg/build/lib/mypkg
[0.943s] copying mypkg/__init__.py -> /root/ros2_ws/src/mypkg/build/mypkg/build/lib/mypkg
[0.944s] running install
[0.944s] /usr/lib/python3/dist-packages/setuptools/command/install.py:34: SetuptoolsDeprecationWarning: setup.py install is deprecated. Use build and pip and other standards-based tools.
[0.944s]   warnings.warn(
[0.945s] running install_lib
[0.946s] creating /root/ros2_ws/src/mypkg/install/mypkg/lib/python3.10/site-packages/mypkg
[0.946s] copying /root/ros2_ws/src/mypkg/build/mypkg/build/lib/mypkg/talker.py -> /root/ros2_ws/src/mypkg/install/mypkg/lib/python3.10/site-packages/mypkg
[0.947s] copying /root/ros2_ws/src/mypkg/build/mypkg/build/lib/mypkg/__init__.py -> /root/ros2_ws/src/mypkg/install/mypkg/lib/python3.10/site-packages/mypkg
[0.947s] byte-compiling /root/ros2_ws/src/mypkg/install/mypkg/lib/python3.10/site-packages/mypkg/talker.py to talker.cpython-310.pyc
[0.948s] byte-compiling /root/ros2_ws/src/mypkg/install/mypkg/lib/python3.10/site-packages/mypkg/__init__.py to __init__.cpython-310.pyc
[0.948s] running install_data
[0.949s] creating /root/ros2_ws/src/mypkg/install/mypkg/share/ament_index
[0.949s] creating /root/ros2_ws/src/mypkg/install/mypkg/share/ament_index/resource_index
[0.949s] creating /root/ros2_ws/src/mypkg/install/mypkg/share/ament_index/resource_index/packages
[0.949s] copying resource/mypkg -> /root/ros2_ws/src/mypkg/install/mypkg/share/ament_index/resource_index/packages
[0.949s] copying package.xml -> /root/ros2_ws/src/mypkg/install/mypkg/share/mypkg
[0.950s] running install_egg_info
[0.951s] Copying build/mypkg/mypkg.egg-info to /root/ros2_ws/src/mypkg/install/mypkg/lib/python3.10/site-packages/mypkg-0.0.0-py3.10.egg-info
[0.952s] running install_scripts
[0.979s] Installing talker script to /root/ros2_ws/src/mypkg/install/mypkg/lib/mypkg
[0.979s] writing list of installed files to '/root/ros2_ws/src/mypkg/build/mypkg/install.log'
[1.013s] Invoked command in '/root/ros2_ws/src/mypkg' returned '0': PYTHONPATH=/root/ros2_ws/src/mypkg/install/mypkg/lib/python3.10/site-packages:${PYTHONPATH} /usr/bin/python3 setup.py egg_info --egg-base build/mypkg build --build-base /root/ros2_ws/src/mypkg/build/mypkg/build install --prefix /root/ros2_ws/src/mypkg/install/mypkg --record /root/ros2_ws/src/mypkg/build/mypkg/install.log --single-version-externally-managed
